<?xml version="1.0" encoding="UTF-8"?>
<testsuite name="jp.ac.uryukyu.ie.e185749.AppTest" tests="1" skipped="0" failures="0" errors="0" timestamp="2024-01-22T14:50:49" hostname="ieusernoMacBook-Air-2.local" time="0.023">
  <properties/>
  <testcase name="appHasAGreeting()" classname="jp.ac.uryukyu.ie.e185749.AppTest" time="0.023"/>
  <system-out><![CDATA[]]></system-out>
  <system-err><![CDATA[]]></system-err>
</testsuite>
